/home/i-zhangyuxin02/data/anaconda/envs/stepaudio2/lib/python3.10/site-packages/torchaudio/_backend/utils.py:213: UserWarning: In 2.9, this function's implementation will be changed to use torchaudio.load_with_torchcodec` under the hood. Some parameters like ``normalize``, ``format``, ``buffer_size``, and ``backend`` will be ignored. We recommend that you port your code to rely directly on TorchCodec's decoder instead: https://docs.pytorch.org/torchcodec/stable/generated/torchcodec.decoders.AudioDecoder.html#torchcodec.decoders.AudioDecoder.
  warnings.warn(
/home/i-zhangyuxin02/data/anaconda/envs/stepaudio2/lib/python3.10/site-packages/torchaudio/_backend/ffmpeg.py:88: UserWarning: torio.io._streaming_media_decoder.StreamingMediaDecoder has been deprecated. This deprecation is part of a large refactoring effort to transition TorchAudio into a maintenance phase. The decoding and encoding capabilities of PyTorch for both audio and video are being consolidated into TorchCodec. Please see https://github.com/pytorch/audio/issues/3902 for more information. It will be removed from the 2.9 release. 
  s = torchaudio.io.StreamReader(src, format, None, buffer_size)


Full response: Okay, let's see. I need to figure out which option best describes the male vocal in the audio. The user provided the audio file, so I should first listen to it carefully.

First, there's some background music or sound effects. Then around 0:04, a male voice starts speaking. Let me pay attention to his tone and delivery.

He says, "He hold his fucking ass out there for half a second." The way he's saying this sounds pretty intense. His voice is loud, maybe a bit strained, and he's using strong language ("fucking"). The pitch seems high for a male voice, but not exactly singing. It's more like he's shouting or yelling angrily.

Looking at the options:

- Soft and melodic: Definitely not, since he's shouting.
- Aggressive and talking: This fits because he's talking, but aggressively.
- High-pitched and singing: His pitch is high, but is he singing? The phrase doesn't have a melodic tune; it's more like yelling with emphasis.
- Whispering: No, he's loud.

Wait, the third option says "High-pitched and singing". But singing implies a musical melody. The guy is yelling, not singing. So maybe "Aggressive and talking" is better. Even though his voice is high-pitched when angry, the main characteristic is aggression in speech.

Alternatively, maybe "High-pitched and singing" is a trick option. But no, singing would require a tune. Let me check again.

The audio: He's speaking in a normal conversational rhythm but with a lot of force and high pitch due to anger. So it's talking, not singing. Therefore, "Aggressive and talking" seems correct.

Wait, but the options are:

[Soft and melodic, Aggressive and talking, High-pitched and singing, Whispering]

So "Aggressive and talking" matches. The other one with high-pitched singing might be confusing because his pitch is high, but it's not singing. So the answer should be the second option.
</think>
<RESPONSE>
Aggressive and talking
</RESPONSE>


Full response: 嗯，用户让我鉴赏一段歌声，我得先仔细听听这段音频。首先，这段音频里有两位女歌手，一个是中文流行歌曲，另一个是英文说唱。用户可能想了解两位歌手的演唱风格、技巧以及整体表现。

先分析中文部分。开头的女声演唱的是《其实你也不懂》，这是一首典型的华语流行情歌。她的音色清亮，但情感表达比较平直，听起来像是在完成任务，缺乏真实的情感投入。可能是个翻唱或者练习生的录音，专业度上还有提升空间。要注意她的气息稳定，但情感处理不够细腻。

接下来是英文说唱部分。这位歌手的风格明显不同，属于R&B或Trap风格。她的说唱节奏感很强，flow流畅，吐字清晰，尤其在快速段落中依然保持了很好的清晰度。音色略带沙哑，增加了质感，情绪表达比较冷静自信，符合说唱的风格。这部分可能更专业，展现了不错的技巧。

用户可能想知道两位歌手的水平对比，或者这段音频的整体质量。需要指出中文部分的情感不足，而英文部分技巧更娴熟。同时，音频的混音可能存在问题，比如音量差异大，导致听感不连贯。用户可能是音乐爱好者，或者正在学习唱歌，想通过分析提升自己的能力。深层需求可能是想了解如何改进演唱技巧，或者判断这段音频是否值得学习。

还要考虑用户是否对不同音乐风格感兴趣，或者需要建议如何提升情感表达。可能需要提醒用户注意录音质量，比如音量平衡和后期处理的重要性。最后，总结两位歌手的特点，给出客观的评价，帮助用户更好地理解这段音频的优缺点。
</think>
好的，这是一段包含两位女歌手、两种不同风格歌曲的音频片段。我对这段歌声的鉴赏如下：

这段音频呈现了两位风格迥异的女歌手，分别演绎了一首中文流行情歌和一段英文R&B/Trap说唱。两者在技巧、情感和风格上形成了鲜明对比。

### **第一部分：中文女声 (00:00 - 00:08) - 《其实你也不懂》**

*   **音色与音质：** 歌手的音色清亮、干净，属于比较典型的华语流行女声。声音的穿透力一般，略显单薄，缺乏厚度和温暖感。
*   **演唱技巧：**
    *   **音准：** 整体音准基本在线，但在一些长音和转音的衔接处略显吃力，不够圆润流畅。
    *   **气息：** 气息支撑稍显不足，导致声音听起来有些“飘”，缺乏稳定性和力量感，尤其在句末时有轻微的虚浮感。
    *   **情感表达：** **这是最主要的问题。** 演唱的情感非常平淡，缺乏应有的“委屈”、“质问”或“心碎”的情绪。听起来更像是在“念”歌词，而不是在“唱”故事。声音中缺少应有的张力、脆弱感和叙事性，使得这首本应充满情感张力的情歌显得有些空洞和机械。
*   **风格与表现：** 整体表现更像是一次**技术性的练习或翻唱**，而非带有强烈个人情感投入的演绎。歌手可能掌握了歌曲的基本旋律和节奏，但在情感诠释和声音表现力上还有很大的提升空间。声音的动态范围较窄，缺少强弱变化来突出情绪的起伏。

**小结：** 这位歌手具备了演唱这首歌曲的基本条件（音准、节奏），但**情感表达是其最大的短板**。声音缺乏故事感和感染力，听起来比较“安全”但不够动人。

### **第二部分：英文女声 (00:08 - 00:15) - Rap/Hip-Hop**

*   **音色与音质：** 歌手的音色相对低沉、略带一丝沙哑和颗粒感（Gravelly Voice），这在R&B/Trap风格中非常受欢迎，增加了声音的质感和辨识度。
*   **演唱技巧 (说唱)：**
    *   **Flow与节奏：** Flow（说唱的节奏型）设计得非常流畅且有律动感，与背景音乐的节奏（尤其是808鼓点）结合得非常紧密，听起来很“稳”。
    *   **吐字与清晰度：** 吐字非常清晰，即使在较快的语速下，每个单词的发音依然很到位，展现了良好的口齿功底和对节奏的精准把握。
    *   **气息与控制：** 气息控制得很好，长句说唱依然平稳，没有出现气短或节奏紊乱的情况。
*   **情感表达：** 情感表达非常符合说唱的风格——**冷静、自信、带有一点不屑和疏离感**。她的语气是陈述性的，但通过节奏的顿挫和语气的微妙变化，成功传达了一种“我已经不在乎了”的态度。这种情绪的传递是内敛而有效的，符合嘻哈音乐的表达习惯。
*   **风格与表现：** 这段说唱表现出**相当娴熟的技巧和对风格的精准把握**。歌手对节奏的理解、Flow的设计以及情绪的拿捏都显示出她对这种音乐风格的熟悉和自信。整体听感非常专业、流畅。

**小结：** 这位歌手在说唱领域展现了**扎实的技术功底和对风格的深刻理解**。她的表现自信、流畅，情感表达准确地契合了音乐风格，是这段音频中**技术完成度更高、表现更成熟**的部分。

### **综合评价与对比**

1.  **风格差异巨大：** 从抒情流行到都市说唱，两种风格的转换非常突然，也凸显了两位歌手在音乐理解和表达方式上的根本不同。
2.  **技术 vs. 情感：**
    *   中文部分更侧重于**情感的缺失**，技术上（音准、气息）有瑕疵，但核心问题是“无灵魂”。
    *   英文部分则展示了**技术与情感的和谐统一**，娴熟的技巧（Flow、吐字）完美地服务于冷静、自信的情感表达。
3.  **录音质量：** 音频的混音似乎存在一些问题。英文说唱部分的音量明显高于中文演唱部分，且英文部分的低频（鼓点）非常突出，可能掩盖了人声的一些细节。这影响了整体的听感连贯性。

**结论：**

这段音频是一次有趣的对比。它展示了同为女声，但在不同音乐风格下，**技巧、情感表达和风格契合度**的重要性。中文演唱部分虽然旋律优美，但因情感苍白和技巧略显稚嫩而显得平淡；而英文说唱部分则凭借精准的节奏感、清晰的吐字和与风格高度契合的冷静态度，展现了更成熟和专业的音乐表现力。**后者在技术完成度和风格驾驭上明显优于前者。** 如果中文演唱部分能注入更真实、更细腻的情感，并加强气息和声音的控制力，其感染力将会大大提升。


Full response: 嗯，用户让我分析一段音频中说话人的语气和音色，以及如何反映其性格和情绪特征。首先，我需要仔细听这段音频。说话人是女性，声音听起来比较年轻，可能在20-30岁之间。她说了两句话：“就算没人听又怎么样？就算再深更半夜又怎么样？”

接下来，我要分析她的语气。第一句“就算没人听又怎么样？”的语调上扬，带有明显的挑战和不屑。第二句“就算再深更半夜又怎么样？”重复了同样的句式，但情绪更强烈，语速可能更快，音量更高。这种重复结构加强了她的情绪表达，显示出一种不屈不挠的态度。

然后是音色。她的声音清亮，但略带沙哑，可能是因为情绪激动或者长时间说话导致的。这种音色增加了真实感，让人觉得她不是在表演，而是发自内心地表达。音色中的紧张感也透露出她内心的挣扎，尽管表面上显得强硬。

现在要考虑性格特征。从语气和音色来看，她可能是一个外向、有主见的人，不轻易妥协。她可能正在面对某种压力或质疑，比如有人不理解她的行为，比如深夜还在做某件事（比如直播、创作等）。她的回应显示出她不在乎外界的看法，坚持自己的选择。这种性格可能带有一点叛逆，但也有坚韧和执着的一面。

情绪特征方面，她表现出的主要是愤怒和烦躁，但深层可能有孤独或不被理解的悲伤。虽然她用强硬的语气掩饰，但声音中的颤抖和沙哑可能暗示她内心其实很脆弱。她可能感到被孤立，但选择用攻击性的方式保护自己。

还要注意背景音。音频中有轻微的环境噪音，可能是在一个安静的室内，比如深夜的房间。这加强了“深更半夜”的情境，说明她可能独自一人，进一步凸显她的孤独感和坚持。

用户可能想通过这段分析了解说话人的心理状态，或者用于角色塑造、剧本创作等。需要确保分析全面，不仅表面情绪，还要挖掘深层心理。可能用户是创作者，需要真实的人物刻画，所以细节很重要，比如声音的沙哑、重复句式的作用等。

最后要检查是否有遗漏。比如，是否提到了语速的变化、音量的起伏，以及这些如何反映情绪递进。还要确认性格和情绪的关联是否合理，比如强硬语气背后的脆弱是否被准确捕捉。可能需要再听一遍音频确认细节，确保分析准确。
</think>
好的，根据您提供的音频片段，以下是对说话人语气、音色及其反映的性格与情绪特征的详细分析：

### 综合分析

这段音频中的说话人（女性）通过**高亢、急促且充满挑战性**的语气，以及**清亮但略带沙哑和紧绷感**的音色，生动地塑造了一个**外表强硬、内心可能带有孤独与委屈**的形象。她正处于一种**激动、烦躁且带有强烈防御性**的情绪状态中，试图用不容置疑的态度来回应质疑或表达自己的坚持。

---

### 具体分析

#### 1. 语气 (Tone)

*   **挑战与不屑 (Defiant & Dismissive):** 两句“又怎么样？”都采用了明显的**上扬语调**，这不是一个真正的疑问，而是一种**反问和挑战**。她似乎在回应某种潜在的质疑（“没人听，你为什么还做？”“大半夜的，你为什么还不睡？”）。这种语气充满了“我不在乎”、“这没什么大不了”的不屑感，是一种主动的、带有攻击性的防御。
*   **急促与激动 (Urgent & Agitated):** 语速非常快，字与字之间几乎没有停顿，尤其在第二句“就算再深更半夜又怎么样？”时，情绪明显比第一句更加激烈。这种急促的节奏反映了她**内心的不平静和高度激动**的状态，仿佛是压抑已久的情绪在瞬间爆发。
*   **强调与坚持 (Emphatic & Insistent):** 她在“没人听”和“再深更半夜”这些关键短语上加重了音量和力度。这表明她非常清楚自己行为的“不合常理”之处（无人欣赏、时间不当），但她正是要强调这一点，并用“又怎么样？”来宣告自己对此的**毫不在意和坚持**。

#### 2. 音色 (Timbre/Vocal Quality)

*   **清亮但紧绷 (Clear but Tense):** 她的声音基底是清亮的，属于比较年轻的女性音色。然而，在这种激动的情绪下，声音中带有明显的**紧绷感**，声带似乎是收紧后发出的声音，导致音色不够松弛圆润，反而有些尖锐。
*   **略带沙哑 (Slightly Hoarse):** 在高音和用力发声时，可以听出一丝轻微的沙哑或“毛刺感”。这可能源于情绪激动导致的声带摩擦，也可能暗示她已经持续说话或呐喊了一段时间（比如深夜直播、录制等），这与“深更半夜”的语境高度吻合。
*   **缺乏温度 (Lacking Warmth):** 整个声音听起来是“冷”的，充满了锐利感和对抗性，缺少柔和与温暖的质感。这进一步强化了她此刻封闭、不愿沟通、只顾表达自己立场的态度。

---

### 性格与情绪特征解读

*   **情绪特征：**
    *   **烦躁与愤怒 (Irritation & Anger):** 这是最表层、最直接的情绪。她对某种状况或他人的看法感到非常不满和生气。
    *   **委屈与孤独 (Grievance & Loneliness):** 在强硬的外壳下，可以解读出深层的委屈。 “没人听”和“深更半夜”这两个前提，暗示了她的行为是**孤独的、不被理解的**。她用如此激烈的方式反驳，恰恰说明这些“无人欣赏”、“不合时宜”的现实深深地刺痛了她，让她感到委屈和孤立。
    *   **强烈的自我主张 (Strong Sense of Self):** 尽管感到孤独和委屈，但她没有选择退缩或哭泣，而是选择了**高声宣告自己的立场**。这表明她有很强的自我意识和不轻易向外界压力屈服的韧性。

*   **性格特征推断：**
    *   **外向且直率 (Extroverted & Forthright):** 她不善于或不屑于掩饰自己的情绪，会直接、激烈地表达出来。
    *   **倔强与执着 (Stubborn & Persistent):** 她很可能是一个对自己认定的事情非常执着的人，即使面对困难、质疑或孤独，也很难放弃。这种“就算……又怎么样”的态度是其倔强性格的典型体现。
    *   **可能带有叛逆精神 (Potentially Rebellious):** 她似乎在挑战某种常规或他人的期待，享受或被迫在这种“与众不同”的状态中坚持自我。
    *   **情感丰富但表达方式激烈 (Emotionally Rich but Expresses Intensely):** 她内心情感充沛（孤独、委屈），但选择用一种非常激烈、甚至带有攻击性的方式来释放，而不是内敛或温和地处理。

**总结来说，** 这段简短的音频通过精湛的声音表演，成功塑造了一个复杂的人物形象：一个在深夜里独自坚持做着不被理解的事情的女性。她的声音是她**保护自己的铠甲**，坚硬、锐利，用来抵挡外界的质疑和内心的孤独；但声音中无法掩饰的紧绷与沙哑，又暴露了这副铠甲之下**脆弱而执着的灵魂**。她不是真的“不在乎”，而是“在乎到极致，所以才要大声说不在乎”。


Full response: 好的，我现在需要处理用户提供的音频分析任务。首先，用户要求将音频内容转写为文字，并对说话人的特征进行详细描述。我需要仔细聆听音频，识别出所有语音部分，并准确转录。

音频开始时有玻璃破碎的声音，接着是管弦乐，然后在00:04处出现一位女性的声音。她的语气听起来有些不耐烦和命令式，可能是在制止某人。她的声音清亮，略带电子处理感，可能来自游戏或动画中的角色。她的语速中等，节奏平稳，音调在中高音范围，发音清晰。背景中有管弦乐和玻璃破碎声，整体环境嘈杂，可能是一个游戏或影视场景。

接下来，我需要确认是否有其他说话人。音频中似乎只有这一位女性说话，其他部分是背景音效。因此，只需分析这一位说话人的特征。

然后，我需要按照用户的要求，用中文撰写详细的音频分析报告。报告应包括说话人的性别、年龄、情绪、语音风格、音色特点，以及背景声音和场景描述。同时，要确保转写内容准确无误，符合口语化表达，避免使用专业术语或复杂句式。

最后，检查是否有遗漏的信息，比如时间戳、背景音效的具体描述，以及场景的推测是否合理。确保整个分析报告结构清晰，信息全面，符合用户的需求。
</think>
音频中出现了一位青年女性的声音，她的语气略带不耐烦和命令感，似乎在制止某人的行为。她的声音清亮，略带电子处理感，听起来像是游戏或动画中的角色配音。她的语速中等，节奏平稳，音调在中高音范围，发音清晰。背景中伴随着玻璃破碎声和管弦乐，整体环境嘈杂，可能是一个游戏或影视场景。
